<?xml version="1.0" encoding="UTF-8"?>
<robot generator="Robot 5.0.1 (Python 3.10.6 on darwin)" generated="20230125 11:23:23.209" rpa="false" schemaversion="3">
<suite id="s1" name="MTP-Test" source="/Users/macbookpro/Automacao/MTP-Test">
<suite id="s1-s1" name="Automacao" source="/Users/macbookpro/Automacao/MTP-Test/Automacao">
<suite id="s1-s1-s1" name="Tests" source="/Users/macbookpro/Automacao/MTP-Test/Automacao/tests">
<suite id="s1-s1-s1-s1" name="Cadastro" source="/Users/macbookpro/Automacao/MTP-Test/Automacao/tests/cadastro.robot">
<test id="s1-s1-s1-s1-t1" name="Criar Conta" line="5">
<kw name="Dado que esteja na tela de cadastro" library="suit_setup">
<kw name="Open Browser" library="SeleniumLibrary">
<arg>https://courses.ultimateqa.com/users/sign_up</arg>
<arg>browser=chrome</arg>
<doc>Opens a new browser instance to the optional ``url``.</doc>
<msg timestamp="20230125 11:23:23.754" level="INFO">Opening browser 'chrome' to base url 'https://courses.ultimateqa.com/users/sign_up'.</msg>
<status status="PASS" starttime="20230125 11:23:23.753" endtime="20230125 11:23:28.403"/>
</kw>
<kw name="Maximize Browser Window" library="SeleniumLibrary">
<doc>Maximizes current browser window.</doc>
<status status="PASS" starttime="20230125 11:23:28.404" endtime="20230125 11:23:28.919"/>
</kw>
<status status="PASS" starttime="20230125 11:23:23.753" endtime="20230125 11:23:28.920"/>
</kw>
<kw name="Quando preencho os campos corretamente" library="cadastro_kws">
<kw name="First Name" library="FakerLibrary">
<var>${faker_name}</var>
<msg timestamp="20230125 11:23:28.921" level="INFO">${faker_name} = Ana</msg>
<status status="PASS" starttime="20230125 11:23:28.920" endtime="20230125 11:23:28.921"/>
</kw>
<kw name="Email" library="FakerLibrary">
<var>${faker_email}</var>
<msg timestamp="20230125 11:23:28.922" level="INFO">${faker_email} = jmartins@example.net</msg>
<status status="PASS" starttime="20230125 11:23:28.921" endtime="20230125 11:23:28.922"/>
</kw>
<kw name="Set Global Variable" library="BuiltIn">
<arg>${faker_email}</arg>
<doc>Makes a variable available globally in all tests and suites.</doc>
<msg timestamp="20230125 11:23:28.923" level="INFO">${faker_email} = jmartins@example.net</msg>
<status status="PASS" starttime="20230125 11:23:28.922" endtime="20230125 11:23:28.923"/>
</kw>
<kw name="Wait Until Element Is Visible" library="SeleniumLibrary">
<arg>${txt_firstName}</arg>
<doc>Waits until the element ``locator`` is visible.</doc>
<status status="PASS" starttime="20230125 11:23:28.923" endtime="20230125 11:23:28.946"/>
</kw>
<kw name="Input Text" library="SeleniumLibrary">
<arg>${txt_firstName}</arg>
<arg>${faker_name}</arg>
<doc>Types the given ``text`` into the text field identified by ``locator``.</doc>
<msg timestamp="20230125 11:23:28.947" level="INFO">Typing text 'Ana' into text field 'id:user[first_name]'.</msg>
<status status="PASS" starttime="20230125 11:23:28.946" endtime="20230125 11:23:29.090"/>
</kw>
<kw name="Input Text" library="SeleniumLibrary">
<arg>${txt_lastName}</arg>
<arg>${lastname}</arg>
<doc>Types the given ``text`` into the text field identified by ``locator``.</doc>
<msg timestamp="20230125 11:23:29.091" level="INFO">Typing text 'jw' into text field 'id:user[last_name]'.</msg>
<status status="PASS" starttime="20230125 11:23:29.090" endtime="20230125 11:23:29.166"/>
</kw>
<kw name="Input Text" library="SeleniumLibrary">
<arg>${txt_email}</arg>
<arg>${faker_email}</arg>
<doc>Types the given ``text`` into the text field identified by ``locator``.</doc>
<msg timestamp="20230125 11:23:29.167" level="INFO">Typing text 'jmartins@example.net' into text field 'id:user[email]'.</msg>
<status status="PASS" starttime="20230125 11:23:29.166" endtime="20230125 11:23:29.247"/>
</kw>
<kw name="Input Text" library="SeleniumLibrary">
<arg>${txt_password}</arg>
<arg>${password}</arg>
<doc>Types the given ``text`` into the text field identified by ``locator``.</doc>
<msg timestamp="20230125 11:23:29.248" level="INFO">Typing text '12345678' into text field 'id:user[password]'.</msg>
<status status="PASS" starttime="20230125 11:23:29.247" endtime="20230125 11:23:29.322"/>
</kw>
<status status="PASS" starttime="20230125 11:23:28.920" endtime="20230125 11:23:29.322"/>
</kw>
<kw name="E aceito os termos de uso" library="cadastro_kws">
<kw name="Click Element" library="SeleniumLibrary">
<arg>${ck_userTerms}</arg>
<doc>Click the element identified by ``locator``.</doc>
<msg timestamp="20230125 11:23:29.324" level="INFO">Clicking element 'id:user[terms]'.</msg>
<status status="PASS" starttime="20230125 11:23:29.323" endtime="20230125 11:23:29.398"/>
</kw>
<status status="PASS" starttime="20230125 11:23:29.323" endtime="20230125 11:23:29.398"/>
</kw>
<kw name="E Clico em SignUp" library="cadastro_kws">
<kw name="Wait Until Element Is Visible" library="SeleniumLibrary">
<arg>${signUp}</arg>
<doc>Waits until the element ``locator`` is visible.</doc>
<status status="PASS" starttime="20230125 11:23:29.399" endtime="20230125 11:23:29.421"/>
</kw>
<kw name="Click Element" library="SeleniumLibrary">
<arg>${signUp}</arg>
<doc>Click the element identified by ``locator``.</doc>
<msg timestamp="20230125 11:23:29.422" level="INFO">Clicking element 'xpath://button[@type='submit'][contains(.,'Sign up')]'.</msg>
<status status="PASS" starttime="20230125 11:23:29.421" endtime="20230125 11:23:29.480"/>
</kw>
<kw name="Capture Page Screenshot" library="SeleniumLibrary">
<doc>Takes a screenshot of the current page and embeds it into a log file.</doc>
<msg timestamp="20230125 11:23:31.652" level="INFO" html="true">&lt;/td&gt;&lt;/tr&gt;&lt;tr&gt;&lt;td colspan="3"&gt;&lt;a href="selenium-screenshot-9.png"&gt;&lt;img src="selenium-screenshot-9.png" width="800px"&gt;&lt;/a&gt;</msg>
<status status="PASS" starttime="20230125 11:23:29.480" endtime="20230125 11:23:31.652"/>
</kw>
<status status="PASS" starttime="20230125 11:23:29.399" endtime="20230125 11:23:31.652"/>
</kw>
<kw name="Fechar Navegador" library="suit_setup">
<kw name="Close Browser" library="SeleniumLibrary">
<doc>Closes the current browser.</doc>
<status status="PASS" starttime="20230125 11:23:31.654" endtime="20230125 11:23:31.738"/>
</kw>
<status status="PASS" starttime="20230125 11:23:31.653" endtime="20230125 11:23:31.738"/>
</kw>
<status status="PASS" starttime="20230125 11:23:23.751" endtime="20230125 11:23:31.739"/>
</test>
<test id="s1-s1-s1-s1-t2" name="Logar com usuario criado" line="11">
<kw name="Dado que esteja na tela de login" library="suit_setup">
<kw name="Open Browser" library="SeleniumLibrary">
<arg>https://courses.ultimateqa.com/users/sign_in</arg>
<arg>browser=chrome</arg>
<doc>Opens a new browser instance to the optional ``url``.</doc>
<msg timestamp="20230125 11:23:31.743" level="INFO">Opening browser 'chrome' to base url 'https://courses.ultimateqa.com/users/sign_in'.</msg>
<status status="PASS" starttime="20230125 11:23:31.742" endtime="20230125 11:23:36.618"/>
</kw>
<kw name="Maximize Browser Window" library="SeleniumLibrary">
<doc>Maximizes current browser window.</doc>
<status status="PASS" starttime="20230125 11:23:36.618" endtime="20230125 11:23:37.135"/>
</kw>
<status status="PASS" starttime="20230125 11:23:31.741" endtime="20230125 11:23:37.136"/>
</kw>
<kw name="Quando faco login com a conta criada recentemente" library="cadastro_kws">
<kw name="Wait Until Element Is Visible" library="SeleniumLibrary">
<arg>${txt_email}</arg>
<doc>Waits until the element ``locator`` is visible.</doc>
<status status="PASS" starttime="20230125 11:23:37.138" endtime="20230125 11:23:37.165"/>
</kw>
<kw name="Input Text" library="SeleniumLibrary">
<arg>${txt_email}</arg>
<arg>${faker_email}</arg>
<doc>Types the given ``text`` into the text field identified by ``locator``.</doc>
<msg timestamp="20230125 11:23:37.165" level="INFO">Typing text 'jmartins@example.net' into text field 'id:user[email]'.</msg>
<status status="PASS" starttime="20230125 11:23:37.165" endtime="20230125 11:23:37.283"/>
</kw>
<kw name="Input Text" library="SeleniumLibrary">
<arg>${txt_password}</arg>
<arg>${password}</arg>
<doc>Types the given ``text`` into the text field identified by ``locator``.</doc>
<msg timestamp="20230125 11:23:37.284" level="INFO">Typing text '12345678' into text field 'id:user[password]'.</msg>
<status status="PASS" starttime="20230125 11:23:37.284" endtime="20230125 11:23:37.363"/>
</kw>
<kw name="Click Element" library="SeleniumLibrary">
<arg>${signIn}</arg>
<doc>Click the element identified by ``locator``.</doc>
<msg timestamp="20230125 11:23:37.363" level="INFO">Clicking element 'xpath://button[@type='submit'][contains(.,'Sign in')]'.</msg>
<status status="PASS" starttime="20230125 11:23:37.363" endtime="20230125 11:23:37.426"/>
</kw>
<kw name="Capture Page Screenshot" library="SeleniumLibrary">
<doc>Takes a screenshot of the current page and embeds it into a log file.</doc>
<msg timestamp="20230125 11:23:39.267" level="INFO" html="true">&lt;/td&gt;&lt;/tr&gt;&lt;tr&gt;&lt;td colspan="3"&gt;&lt;a href="selenium-screenshot-10.png"&gt;&lt;img src="selenium-screenshot-10.png" width="800px"&gt;&lt;/a&gt;</msg>
<status status="PASS" starttime="20230125 11:23:37.427" endtime="20230125 11:23:39.268"/>
</kw>
<status status="PASS" starttime="20230125 11:23:37.137" endtime="20230125 11:23:39.268"/>
</kw>
<kw name="Entao devo validar o usuario logado" library="cadastro_kws">
<kw name="Wait Until Page Contains" library="SeleniumLibrary">
<arg>text=Products</arg>
<doc>Waits until ``text`` appears on the current page.</doc>
<status status="PASS" starttime="20230125 11:23:39.269" endtime="20230125 11:23:39.284"/>
</kw>
<kw name="Sleep" library="BuiltIn">
<arg>10</arg>
<doc>Pauses the test executed for the given time.</doc>
<msg timestamp="20230125 11:23:49.286" level="INFO">Slept 10 seconds</msg>
<status status="PASS" starttime="20230125 11:23:39.284" endtime="20230125 11:23:49.287"/>
</kw>
<kw name="Capture Page Screenshot" library="SeleniumLibrary">
<doc>Takes a screenshot of the current page and embeds it into a log file.</doc>
<msg timestamp="20230125 11:23:49.985" level="INFO" html="true">&lt;/td&gt;&lt;/tr&gt;&lt;tr&gt;&lt;td colspan="3"&gt;&lt;a href="selenium-screenshot-11.png"&gt;&lt;img src="selenium-screenshot-11.png" width="800px"&gt;&lt;/a&gt;</msg>
<status status="PASS" starttime="20230125 11:23:49.287" endtime="20230125 11:23:49.986"/>
</kw>
<status status="PASS" starttime="20230125 11:23:39.268" endtime="20230125 11:23:49.986"/>
</kw>
<kw name="Fechar Navegador" library="suit_setup">
<kw name="Close Browser" library="SeleniumLibrary">
<doc>Closes the current browser.</doc>
<status status="PASS" starttime="20230125 11:23:49.987" endtime="20230125 11:23:50.077"/>
</kw>
<status status="PASS" starttime="20230125 11:23:49.986" endtime="20230125 11:23:50.077"/>
</kw>
<status status="PASS" starttime="20230125 11:23:31.740" endtime="20230125 11:23:50.078"/>
</test>
<test id="s1-s1-s1-s1-t3" name="Validar mensagens dos campos do cadastro" line="16">
<kw name="Dado que esteja na tela de cadastro" library="suit_setup">
<kw name="Open Browser" library="SeleniumLibrary">
<arg>https://courses.ultimateqa.com/users/sign_up</arg>
<arg>browser=chrome</arg>
<doc>Opens a new browser instance to the optional ``url``.</doc>
<msg timestamp="20230125 11:23:50.081" level="INFO">Opening browser 'chrome' to base url 'https://courses.ultimateqa.com/users/sign_up'.</msg>
<status status="PASS" starttime="20230125 11:23:50.081" endtime="20230125 11:23:54.324"/>
</kw>
<kw name="Maximize Browser Window" library="SeleniumLibrary">
<doc>Maximizes current browser window.</doc>
<status status="PASS" starttime="20230125 11:23:54.325" endtime="20230125 11:23:54.785"/>
</kw>
<status status="PASS" starttime="20230125 11:23:50.080" endtime="20230125 11:23:54.785"/>
</kw>
<kw name="Quando tendo me cadastrar sem preencher os campos" library="cadastro_kws">
<kw name="Wait Until Element Is Visible" library="SeleniumLibrary">
<arg>${signUp}</arg>
<doc>Waits until the element ``locator`` is visible.</doc>
<status status="PASS" starttime="20230125 11:23:54.787" endtime="20230125 11:23:54.811"/>
</kw>
<kw name="Click Element" library="SeleniumLibrary">
<arg>${signUp}</arg>
<doc>Click the element identified by ``locator``.</doc>
<msg timestamp="20230125 11:23:54.811" level="INFO">Clicking element 'xpath://button[@type='submit'][contains(.,'Sign up')]'.</msg>
<status status="PASS" starttime="20230125 11:23:54.811" endtime="20230125 11:23:54.866"/>
</kw>
<kw name="Capture Page Screenshot" library="SeleniumLibrary">
<doc>Takes a screenshot of the current page and embeds it into a log file.</doc>
<msg timestamp="20230125 11:23:56.324" level="INFO" html="true">&lt;/td&gt;&lt;/tr&gt;&lt;tr&gt;&lt;td colspan="3"&gt;&lt;a href="selenium-screenshot-12.png"&gt;&lt;img src="selenium-screenshot-12.png" width="800px"&gt;&lt;/a&gt;</msg>
<status status="PASS" starttime="20230125 11:23:54.866" endtime="20230125 11:23:56.324"/>
</kw>
<status status="PASS" starttime="20230125 11:23:54.786" endtime="20230125 11:23:56.325"/>
</kw>
<kw name="Entao devera aparecer as mensagem de validacao na tela de cadastro" library="cadastro_kws">
<kw name="Wait Until Page Contains" library="SeleniumLibrary">
<arg>text=${msg_error_emailBlank}</arg>
<doc>Waits until ``text`` appears on the current page.</doc>
<status status="PASS" starttime="20230125 11:23:56.326" endtime="20230125 11:23:56.339"/>
</kw>
<kw name="Wait Until Page Contains" library="SeleniumLibrary">
<arg>text=${msg_error_terms}</arg>
<doc>Waits until ``text`` appears on the current page.</doc>
<status status="PASS" starttime="20230125 11:23:56.340" endtime="20230125 11:23:56.352"/>
</kw>
<kw name="Wait Until Page Contains" library="SeleniumLibrary">
<arg>text=${msg_error_email}</arg>
<doc>Waits until ``text`` appears on the current page.</doc>
<status status="PASS" starttime="20230125 11:23:56.352" endtime="20230125 11:23:56.364"/>
</kw>
<kw name="Wait Until Page Contains" library="SeleniumLibrary">
<arg>text=${msg_error_fieldBlank}</arg>
<doc>Waits until ``text`` appears on the current page.</doc>
<status status="PASS" starttime="20230125 11:23:56.364" endtime="20230125 11:23:56.376"/>
</kw>
<kw name="Wait Until Page Contains" library="SeleniumLibrary">
<arg>text=${msg_error_firstName}</arg>
<doc>Waits until ``text`` appears on the current page.</doc>
<status status="PASS" starttime="20230125 11:23:56.376" endtime="20230125 11:23:56.388"/>
</kw>
<kw name="Wait Until Page Contains" library="SeleniumLibrary">
<arg>text=${msg_error_lastName}</arg>
<doc>Waits until ``text`` appears on the current page.</doc>
<status status="PASS" starttime="20230125 11:23:56.388" endtime="20230125 11:23:56.399"/>
</kw>
<kw name="Capture Page Screenshot" library="SeleniumLibrary">
<doc>Takes a screenshot of the current page and embeds it into a log file.</doc>
<msg timestamp="20230125 11:23:56.718" level="INFO" html="true">&lt;/td&gt;&lt;/tr&gt;&lt;tr&gt;&lt;td colspan="3"&gt;&lt;a href="selenium-screenshot-13.png"&gt;&lt;img src="selenium-screenshot-13.png" width="800px"&gt;&lt;/a&gt;</msg>
<status status="PASS" starttime="20230125 11:23:56.399" endtime="20230125 11:23:56.719"/>
</kw>
<kw name="Sleep" library="BuiltIn">
<arg>10</arg>
<doc>Pauses the test executed for the given time.</doc>
<msg timestamp="20230125 11:24:06.721" level="INFO">Slept 10 seconds</msg>
<status status="PASS" starttime="20230125 11:23:56.719" endtime="20230125 11:24:06.722"/>
</kw>
<status status="PASS" starttime="20230125 11:23:56.325" endtime="20230125 11:24:06.722"/>
</kw>
<kw name="Fechar Navegador" library="suit_setup">
<kw name="Close Browser" library="SeleniumLibrary">
<doc>Closes the current browser.</doc>
<status status="PASS" starttime="20230125 11:24:06.724" endtime="20230125 11:24:06.812"/>
</kw>
<status status="PASS" starttime="20230125 11:24:06.723" endtime="20230125 11:24:06.812"/>
</kw>
<status status="PASS" starttime="20230125 11:23:50.079" endtime="20230125 11:24:06.812"/>
</test>
<test id="s1-s1-s1-s1-t4" name="Validar mensagens tela de login" line="21">
<kw name="Dado que esteja na tela de login" library="suit_setup">
<kw name="Open Browser" library="SeleniumLibrary">
<arg>https://courses.ultimateqa.com/users/sign_in</arg>
<arg>browser=chrome</arg>
<doc>Opens a new browser instance to the optional ``url``.</doc>
<msg timestamp="20230125 11:24:06.816" level="INFO">Opening browser 'chrome' to base url 'https://courses.ultimateqa.com/users/sign_in'.</msg>
<status status="PASS" starttime="20230125 11:24:06.816" endtime="20230125 11:24:11.875"/>
</kw>
<kw name="Maximize Browser Window" library="SeleniumLibrary">
<doc>Maximizes current browser window.</doc>
<status status="PASS" starttime="20230125 11:24:11.875" endtime="20230125 11:24:12.400"/>
</kw>
<status status="PASS" starttime="20230125 11:24:06.815" endtime="20230125 11:24:12.401"/>
</kw>
<kw name="Quando tendo fazer o login sem preencher os campos" library="cadastro_kws">
<kw name="Wait Until Element Is Visible" library="SeleniumLibrary">
<arg>${signIn}</arg>
<doc>Waits until the element ``locator`` is visible.</doc>
<status status="PASS" starttime="20230125 11:24:12.402" endtime="20230125 11:24:12.427"/>
</kw>
<kw name="Click Element" library="SeleniumLibrary">
<arg>${signIn}</arg>
<doc>Click the element identified by ``locator``.</doc>
<msg timestamp="20230125 11:24:12.427" level="INFO">Clicking element 'xpath://button[@type='submit'][contains(.,'Sign in')]'.</msg>
<status status="PASS" starttime="20230125 11:24:12.427" endtime="20230125 11:24:12.487"/>
</kw>
<kw name="Capture Page Screenshot" library="SeleniumLibrary">
<doc>Takes a screenshot of the current page and embeds it into a log file.</doc>
<msg timestamp="20230125 11:24:13.040" level="INFO" html="true">&lt;/td&gt;&lt;/tr&gt;&lt;tr&gt;&lt;td colspan="3"&gt;&lt;a href="selenium-screenshot-14.png"&gt;&lt;img src="selenium-screenshot-14.png" width="800px"&gt;&lt;/a&gt;</msg>
<status status="PASS" starttime="20230125 11:24:12.487" endtime="20230125 11:24:13.041"/>
</kw>
<kw name="Sleep" library="BuiltIn">
<arg>10</arg>
<doc>Pauses the test executed for the given time.</doc>
<msg timestamp="20230125 11:24:23.042" level="INFO">Slept 10 seconds</msg>
<status status="PASS" starttime="20230125 11:24:13.041" endtime="20230125 11:24:23.042"/>
</kw>
<status status="PASS" starttime="20230125 11:24:12.401" endtime="20230125 11:24:23.043"/>
</kw>
<kw name="Entao devera aparecer as mensagem de validacao na tela de Login" library="cadastro_kws">
<kw name="Wait Until Page Contains" library="SeleniumLibrary">
<arg>text=${msg_error_Invalid_Email_Password}</arg>
<doc>Waits until ``text`` appears on the current page.</doc>
<status status="PASS" starttime="20230125 11:24:23.044" endtime="20230125 11:24:23.058"/>
</kw>
<kw name="Sleep" library="BuiltIn">
<arg>10</arg>
<doc>Pauses the test executed for the given time.</doc>
<msg timestamp="20230125 11:24:33.060" level="INFO">Slept 10 seconds</msg>
<status status="PASS" starttime="20230125 11:24:23.058" endtime="20230125 11:24:33.061"/>
</kw>
<status status="PASS" starttime="20230125 11:24:23.043" endtime="20230125 11:24:33.062"/>
</kw>
<kw name="Fechar Navegador" library="suit_setup">
<kw name="Close Browser" library="SeleniumLibrary">
<doc>Closes the current browser.</doc>
<status status="PASS" starttime="20230125 11:24:33.063" endtime="20230125 11:24:33.155"/>
</kw>
<status status="PASS" starttime="20230125 11:24:33.062" endtime="20230125 11:24:33.155"/>
</kw>
<status status="PASS" starttime="20230125 11:24:06.814" endtime="20230125 11:24:33.156"/>
</test>
<status status="PASS" starttime="20230125 11:23:23.239" endtime="20230125 11:24:33.157"/>
</suite>
<status status="PASS" starttime="20230125 11:23:23.237" endtime="20230125 11:24:33.161"/>
</suite>
<status status="PASS" starttime="20230125 11:23:23.235" endtime="20230125 11:24:33.163"/>
</suite>
<status status="PASS" starttime="20230125 11:23:23.212" endtime="20230125 11:24:33.166"/>
</suite>
<statistics>
<total>
<stat pass="4" fail="0" skip="0">All Tests</stat>
</total>
<tag>
</tag>
<suite>
<stat pass="4" fail="0" skip="0" id="s1" name="MTP-Test">MTP-Test</stat>
<stat pass="4" fail="0" skip="0" id="s1-s1" name="Automacao">MTP-Test.Automacao</stat>
<stat pass="4" fail="0" skip="0" id="s1-s1-s1" name="Tests">MTP-Test.Automacao.Tests</stat>
<stat pass="4" fail="0" skip="0" id="s1-s1-s1-s1" name="Cadastro">MTP-Test.Automacao.Tests.Cadastro</stat>
</suite>
</statistics>
<errors>
</errors>
</robot>
